<?xml version="1.0" encoding="UTF-8"?>
<!-- Generated by org.testng.reporters.JUnitReportReporter -->
<testsuite skipped="0" hostname="DESKTOP-9RKLJ0Q" name="org.sam.Demojsl" tests="3" failures="0" timestamp="09 Nov 2022 06:00:26 GMT" time="128.034" errors="0">
  <testcase name="tc01" time="44.725" classname="org.sam.Demojsl"/>
  <testcase name="tc01" time="44.037" classname="org.sam.Demojsl"/>
  <testcase name="tc01" time="39.272" classname="org.sam.Demojsl"/>
</testsuite> <!-- org.sam.Demojsl -->
